<?xml version="1.0" encoding="UTF-8"?>
<!-- Generated by org.testng.reporters.JUnitXMLReporter -->
<testsuite ignored="0" hostname="vivobook-asuslaptop-x512flc-x512fl" failures="0" tests="4" name="Default test" time="167.621" errors="0" timestamp="2024-02-21T13:04:52 IST">
  <testcase classname="com.test.Registration_Sanity.Testing" name="Login" time="26.716"/>
  <testcase classname="com.test.Registration_Sanity.Testing" name="series_set" time="13.039"/>
  <testcase classname="com.test.Registration_Sanity.Testing" name="Rotation" time="50.111"/>
  <testcase classname="com.test.Registration_Sanity.Testing" name="Retrive" time="76.233"/>
</testsuite> <!-- Default test -->
