<?xml version="1.0" encoding="UTF-8"?>
<!-- Generated by org.testng.reporters.JUnitXMLReporter -->
<testsuite ignored="0" hostname="vivobook-asuslaptop-x512flc-x512fl" failures="0" tests="4" name="Default test" time="148.827" errors="0" timestamp="2024-01-06T17:40:58 IST">
  <testcase classname="com.test.Registration_Sanity.Testing" name="Login" time="24.005"/>
  <testcase classname="com.test.Registration_Sanity.Testing" name="table" time="3.158"/>
  <testcase classname="com.test.Registration_Sanity.Testing" name="Rotation" time="45.057"/>
  <testcase classname="com.test.Registration_Sanity.Testing" name="Retrive" time="75.123"/>
</testsuite> <!-- Default test -->
