<?xml version="1.0" encoding="UTF-8"?>
<testng-results ignored="0" total="4" passed="4" failed="0" skipped="0">
  <reporter-output>
  </reporter-output>
  <suite started-at="2024-01-06T17:38:29 IST" name="Default suite" finished-at="2024-01-06T17:40:58 IST" duration-ms="148827">
    <groups>
    </groups>
    <test started-at="2024-01-06T17:38:29 IST" name="Default test" finished-at="2024-01-06T17:40:58 IST" duration-ms="148827">
      <class name="com.test.Registration_Sanity.Testing">
        <test-method is-config="true" signature="setup()[pri:0, instance:com.test.Registration_Sanity.Testing@48f278eb]" started-at="2024-01-06T17:38:29 IST" name="setup" finished-at="2024-01-06T17:38:30 IST" duration-ms="1337" status="PASS">
          <reporter-output>
          </reporter-output>
        </test-method> <!-- setup -->
        <test-method signature="Login()[pri:1, instance:com.test.Registration_Sanity.Testing@48f278eb]" started-at="2024-01-06T17:38:30 IST" name="Login" finished-at="2024-01-06T17:38:54 IST" duration-ms="24005" status="PASS">
          <reporter-output>
          </reporter-output>
        </test-method> <!-- Login -->
        <test-method signature="table()[pri:2, instance:com.test.Registration_Sanity.Testing@48f278eb]" started-at="2024-01-06T17:38:54 IST" name="table" finished-at="2024-01-06T17:38:57 IST" duration-ms="3158" status="PASS">
          <reporter-output>
          </reporter-output>
        </test-method> <!-- table -->
        <test-method signature="Rotation()[pri:3, instance:com.test.Registration_Sanity.Testing@48f278eb]" started-at="2024-01-06T17:38:57 IST" name="Rotation" finished-at="2024-01-06T17:39:42 IST" duration-ms="45057" status="PASS">
          <reporter-output>
          </reporter-output>
        </test-method> <!-- Rotation -->
        <test-method signature="Retrive()[pri:4, instance:com.test.Registration_Sanity.Testing@48f278eb]" started-at="2024-01-06T17:39:42 IST" name="Retrive" finished-at="2024-01-06T17:40:58 IST" duration-ms="75123" status="PASS">
          <reporter-output>
          </reporter-output>
        </test-method> <!-- Retrive -->
        <test-method is-config="true" signature="tearDown()[pri:0, instance:com.test.Registration_Sanity.Testing@48f278eb]" started-at="2024-01-06T17:40:58 IST" name="tearDown" finished-at="2024-01-06T17:40:58 IST" duration-ms="120" status="PASS">
          <reporter-output>
          </reporter-output>
        </test-method> <!-- tearDown -->
      </class> <!-- com.test.Registration_Sanity.Testing -->
    </test> <!-- Default test -->
  </suite> <!-- Default suite -->
</testng-results>
